2016-09-07 23:43:58 INFO  ClassPathXmlApplicationContext:573 - Refreshing org.springframework.context.support.ClassPathXmlApplicationContext@6c62a215: startup date [Wed Sep 07 23:43:58 EEST 2016]; root of context hierarchy
2016-09-07 23:43:58 INFO  XmlBeanDefinitionReader:317 - Loading XML bean definitions from class path resource [app-context.xml]
2016-09-07 23:43:58 INFO  PropertySourcesPlaceholderConfigurer:172 - Loading properties file from class path resource [db.properties]
2016-09-07 23:43:58 INFO  DriverManagerDataSource:133 - Loaded JDBC driver: com.mysql.jdbc.Driver
2016-09-07 23:43:58 INFO  LocalContainerEntityManagerFactoryBean:339 - Building JPA container EntityManagerFactory for persistence unit 'my-unit'
2016-09-07 23:43:59 INFO  Version:37 - HCANN000001: Hibernate Commons Annotations {4.0.1.Final}
2016-09-07 23:43:59 INFO  Version:41 - HHH000412: Hibernate Core {4.2.1.Final}
2016-09-07 23:43:59 INFO  Environment:239 - HHH000206: hibernate.properties not found
2016-09-07 23:43:59 INFO  Environment:342 - HHH000021: Bytecode provider name : javassist
2016-09-07 23:43:59 INFO  Ejb3Configuration:528 - HHH000204: Processing PersistenceUnitInfo [
	name: my-unit
	...]
2016-09-07 23:43:59 INFO  ConnectionProviderInitiator:188 - HHH000130: Instantiating explicit connection provider: org.hibernate.ejb.connection.InjectedDataSourceConnectionProvider
2016-09-07 23:43:59 INFO  Dialect:128 - HHH000400: Using dialect: org.hibernate.dialect.MySQLDialect
2016-09-07 23:43:59 INFO  TransactionFactoryInitiator:73 - HHH000268: Transaction strategy: org.hibernate.engine.transaction.internal.jdbc.JdbcTransactionFactory
2016-09-07 23:43:59 INFO  ASTQueryTranslatorFactory:48 - HHH000397: Using ASTQueryTranslatorFactory
2016-09-07 23:43:59 INFO  SchemaUpdate:182 - HHH000228: Running hbm2ddl schema update
2016-09-07 23:43:59 INFO  SchemaUpdate:193 - HHH000102: Fetching database metadata
2016-09-07 23:43:59 INFO  SchemaUpdate:205 - HHH000396: Updating schema
2016-09-07 23:43:59 INFO  TableMetadata:65 - HHH000261: Table found: tokarServiceStation.clients
2016-09-07 23:43:59 INFO  TableMetadata:66 - HHH000037: Columns: [secondname, firstname, pass, phonenumber, id, email, driverlicensenumber]
2016-09-07 23:43:59 INFO  TableMetadata:68 - HHH000108: Foreign keys: []
2016-09-07 23:43:59 INFO  TableMetadata:69 - HHH000126: Indexes: [primary]
2016-09-07 23:43:59 INFO  TableMetadata:65 - HHH000261: Table found: tokarServiceStation.services
2016-09-07 23:43:59 INFO  TableMetadata:66 - HHH000037: Columns: [servicetypes, priceofservice, finishdate, id, startdate, storegoodstypes, client_id, worker_id]
2016-09-07 23:43:59 INFO  TableMetadata:68 - HHH000108: Foreign keys: []
2016-09-07 23:43:59 INFO  TableMetadata:69 - HHH000126: Indexes: [fk_adbc6eb40fc94555bd300cad921, fk_4bea37cca020474ebcca78404f1, fk_c5c1c65d22cc48bf9dcf8a5dd1f, fk_446cee31f635499e98e34f764fa, fk_2af3561e5c4d48658391a721ef0, fk_f5a7499dffe44cf29e700e6a62a, fk_39dfab88893948cf83886581518, fk_cc093e8467384888ab9c4b844c9, fk_dc820dc25bc84f7ea11cc1655c1, fk_ede0e5133bdf479d89bf28dce26, fk_43ab42cca5fc4a33bbffb39a64c, fk_a8e6709825834e7fb9c52e9b888, fk_4cf9072e3bc34d719a9f8236b45, fk_d5b796a4e1c04911b5b7ffd2f50, fk_453f66cdb6334d60b911e6d3dfa, fk_f8d42c2e36b14de084f310e09bd, fk_9ecf92d069a74a39a34873eb347, fk_b1698c443a154f8d90bf9efac73, fk_3dc4cd6e30c7403aa7eaaeb8548, fk_302d6ac53d5749488003f54211e, fk_ebbe5e5c2452416a8b28cb7f421, fk_f77fdfd0e49b4829a309261fe9f, fk_2cbc129da71143999343b279e8f, fk_c178ed1379ed4845b014a52565e, fk_d72104218ef3422b902f40a8a98, fk_edfca234f30c4eb1a96081a1dc7, fk_00f50b939e824b028aff2fe079d, fk_210b0a3e726c453bbf0ea160f6c, fk_ac8b9c1374b949fa93638e6838b, fk_b48bf7b4972e40cca86fe82815a, fk_ed75d26febe84f398e154476a9d, fk_f9f478388e864a95bc54d889c21, primary, fk_cd851a36821946fda2a40ecd204, fk_94de3e87098e4946aba2464f909, fk_25dc8b6c7c5547efa1c60afcaf2, fk_4eaf81c5e0984cdb9b1d2c0bfd7, fk_8a56924cad404aa28a13ff640e5, fk_f42f1f037b9d4efd9625d817662, fk_052dd5c67ed6467b8f7acb24616, fk_c97a84bffec04e61b064147d9a9, fk_05d12b9d26de440087a803d093b, fk_7f17e33337d746958dd7ca2af03, fk_a09facb01d294a39b4756771a7c, fk_3bcae972fbbc45c0af788704b80, fk_71e0319e899d4376bf9d4ddef30, fk_7652b45303f144ed9d2dc925924, fk_f781312a8ec04cb797900488db0, fk_d60788509e5543959d8aa8571ad, fk_15fff2c108d74fa286e593a595e, fk_cab05e3ff78a434181c464f861a, fk_81c5fa02ffd74d52929d7d94191, fk_551520c604cc4ca78d9233e01a5, fk_f30a1e99d2ad47ddb9ca37465a0, fk_1ee1a73f0af441348a820d6aee8, fk_bf24dcc513de4ad1a4a84a180b4, fk_12bb5a21760c4c63a6b526a20fd, fk_82100bf4853841f88d23d126c34, fk_f9188f8fc8884c5cbc598135986, fk_1ec1d24380e94760824cc133730, fk_a34dd258e8f64b58b8afe0fb0ac, fk_694be222a76a49669a6ed9165c1, fk_f97b48004773499fbd1ad4aeb28, fk_9cbfcde07b2642039b90bbf6144]
2016-09-07 23:43:59 INFO  TableMetadata:65 - HHH000261: Table found: tokarServiceStation.workers
2016-09-07 23:43:59 INFO  TableMetadata:66 - HHH000037: Columns: [secondname, firstname, password, dtype, id, login, salary, workertypes]
2016-09-07 23:43:59 INFO  TableMetadata:68 - HHH000108: Foreign keys: []
2016-09-07 23:43:59 INFO  TableMetadata:69 - HHH000126: Indexes: [primary]
2016-09-07 23:44:00 INFO  TableMetadata:65 - HHH000261: Table found: tokarServiceStation.workers_clients
2016-09-07 23:44:00 INFO  TableMetadata:66 - HHH000037: Columns: [client_id, worker_id]
2016-09-07 23:44:00 INFO  TableMetadata:68 - HHH000108: Foreign keys: []
2016-09-07 23:44:00 INFO  TableMetadata:69 - HHH000126: Indexes: [fk_641b43e4c3eb48ec88c0848e782, fk_46e3a84b62734baabee08eabdf9, fk_d645a0eaa5d64a4abf6d4962f07, fk_88fca6ceb6fb44e7bd698938dc0, fk_8627644683b647e9a6370567662, fk_af63db84fc8446ed8199f1236e9, fk_1d91119f8371454b9ee24dca172, fk_85bcff7ebe524928b27afb3bdf1, fk_8f40ee60290648a181606fc8e26, fk_26c4beaa110d401ba412cf6b627, fk_f507eb39ae4544b9a595c13353c, fk_c5a64f958bc54f028ff21a0e3b8, fk_dec6e49e51c2438da3d41b26320, fk_8b8e6b288dc9480f895d4c14c0b, fk_6445471d5a0945a0afc9bde79a3, fk_503f91ea19d04b80b0bbc465549, fk_c33bff5fccce4930b568572eb62, fk_59bdb130b3ef4fbeb0d422a1393, fk_9b3c45e3f5874c4288df43c02e6, fk_30ccfdaf7e8b4440afc5dee5cca, fk_06de2daf757548418b2bc28dfaf, fk_6e516ec41feb426c96ff092fb7d, fk_378fe68a726b4e568baf043620f, fk_8c3e0aa4b8e741b2864c12ffbc2, fk_e3f8f131ee494b0a8b13aa32b7f, fk_bd8ed7b1623e4134b1a01073acb, fk_0d149684e66a4d349d50075609a, fk_50b5981774554ae5a45a97b2067, fk_5d29367781004547903db070628, fk_194e49fd263a475c8fdf2e03d40, fk_c88c3b7f8eca4ff58d11cde7431, fk_8b4c3cfe65ca41c4add842903e0, fk_f276c79226f1405aaf21b9a1bf4, fk_269004aae2f34436b6b61d147b7, fk_2ab7325b989a40cf90937d8256c, fk_4726c725b84f48cdb255f4a9604, fk_f2e9773e36df44b28fde5e7973e, fk_7dbc98172fa94aea8fb2b3343c7, fk_a7a69f5d4c72458896b2ea20a3f, fk_60fb418d81e34295a44783bc9da, fk_ca7d6f185807483e8b7810b5919, fk_3cd48b22c8c24a3882a62cb70b8, fk_7022d6332f874cc5a0249dfa793, fk_cb2bbc2102dc4436b99481e5eb1, fk_524a7e64c10d419da0193b59895, fk_c11f2c89d81045d8a6581e8c0d2, fk_c5e67e743c1d4e9facda187f055, fk_51dd99ee4e1346ac80df09d0196, fk_c2129375fa4a4ca8a02558596c4, fk_555e0d8ce92e4ad78c2ae112ae0, fk_5e9dc0c9afd14221908e02c505a, fk_7daabb79505b4978ada9930b7d5, fk_bf7df9ed4eab49708428fcd9930, fk_4ee18fe229124e0290d61f372ad, fk_3b26cc9770264e8693ee21989e3, fk_826877f2977448ffa60d4ee7623, fk_e34c1aab523749bc8a0157b3590, fk_adff90f2ab1a420eb010ebb997d, fk_f426b3aaadce48899cca6315ee1, fk_23c4806ce1fd41e592989d823b1, fk_ae3b498083ca48dd8f564f9fca2, fk_dbcf53567406417fbdc703b6e85, fk_bc23a89ec7154c3dab543f5e965, fk_f42b04988369433fb71c3a3e36c]
2016-09-07 23:44:00 ERROR SchemaUpdate:236 - HHH000388: Unsuccessful: alter table services add index FK_384bc8d4c92d44d8b3c84f57550 (client_id), add constraint FK_384bc8d4c92d44d8b3c84f57550 foreign key (client_id) references clients (id)
2016-09-07 23:44:00 ERROR SchemaUpdate:237 - Too many keys specified; max 64 keys allowed
2016-09-07 23:44:00 ERROR SchemaUpdate:236 - HHH000388: Unsuccessful: alter table services add index FK_1251d9037a7842419145bf576c7 (worker_id), add constraint FK_1251d9037a7842419145bf576c7 foreign key (worker_id) references workers (id)
2016-09-07 23:44:00 ERROR SchemaUpdate:237 - Too many keys specified; max 64 keys allowed
2016-09-07 23:44:00 ERROR SchemaUpdate:236 - HHH000388: Unsuccessful: alter table workers_clients add index FK_04bd75384561401a8e6462a6584 (client_id), add constraint FK_04bd75384561401a8e6462a6584 foreign key (client_id) references clients (id)
2016-09-07 23:44:00 ERROR SchemaUpdate:237 - Too many keys specified; max 64 keys allowed
2016-09-07 23:44:00 ERROR SchemaUpdate:236 - HHH000388: Unsuccessful: alter table workers_clients add index FK_483c91b144794da383ac5923b7e (worker_id), add constraint FK_483c91b144794da383ac5923b7e foreign key (worker_id) references workers (id)
2016-09-07 23:44:00 ERROR SchemaUpdate:237 - Too many keys specified; max 64 keys allowed
2016-09-07 23:44:00 INFO  SchemaUpdate:242 - HHH000232: Schema update complete
2016-09-07 23:44:09 INFO  LoginController:29 - worker service created info login controller servlet
2016-09-07 23:44:09 INFO  LoginController:37 - RusPavMas3 from do post() login controller
2016-09-07 23:44:09 INFO  LoginController:39 - 2 from do post() login controller
2016-09-07 23:44:09 INFO  LoginController:43 - 0-4ad3-a601-ecb1cfe57e25 accessToken info from do post() login controller
2016-09-07 23:44:09 INFO  LoginController:45 - worker login controller: Worker{firstName='ruslan', secondName='pavlov', salary=12000, workerTypes=MASTER_OF_REPAIR_3_KATEGORY} in system!
2016-09-07 23:44:13 INFO  ServiceForClientServImpl:111 - Service for client with id =1 found!!! ServiceForClient{serviceTypes=DIAGNOSTIC, storeGoodsTypes=null, startDate=2016-01-27 13:52:00.0, finishDate=2017-01-04 15:00:00.0, priceOfService=4500}
2016-09-07 23:44:31 INFO  AddServiceForClientController:95 - starting updating Service for Client - in doPost() of updateSFC
2016-09-07 23:45:33 INFO  AddServiceForClientController:202 - 12
2016-09-07 23:45:36 INFO  AddServiceForClientController:207 - 3
